<?xml version="1.0" encoding="UTF-8"?>
<beans xmlns="http://www.springframework.org/schema/beans"
       xmlns:xsi="http://www.w3.org/2001/XMLSchema-instance"
       xmlns:context="http://www.springframework.org/schema/context"
       xmlns:aop="http://www.springframework.org/schema/aop"
       xsi:schemaLocation="http://www.springframework.org/schema/beans
                           http://www.springframework.org/schema/beans/spring-beans.xsd
                           http://www.springframework.org/schema/context
                           http://www.springframework.org/schema/context/spring-context-4.0.xsd
                           http://www.springframework.org/schema/aop
                           http://www.springframework.org/schema/aop/spring-aop.xsd
 ">

    <context:component-scan base-package="by.nc.training.dev3.coffee.dao"/>
    <aop:aspectj-autoproxy proxy-target-class="true" expose-proxy="false"/>


    <bean id="beverageDao" class="by.nc.training.dev3.coffee.dao.impl.BeverageDaoImpl">
    </bean>
    <bean id="billDao" class="by.nc.training.dev3.coffee.dao.impl.BillDaoImpl">
    </bean>
    <bean id="ingredientDao" class="by.nc.training.dev3.coffee.dao.impl.IngredientDaoImpl">
    </bean>
    <bean id="orderDao" class="by.nc.training.dev3.coffee.dao.impl.OrderDaoImpl">
    </bean>
    <bean id="roleDao" class="by.nc.training.dev3.coffee.dao.impl.RoleDaoImpl">
    </bean>
    <bean id="userDao" class="by.nc.training.dev3.coffee.dao.impl.UserDaoImpl">
    </bean>
    <bean id="persistenceConfig" class="by.nc.training.dev3.coffee.utils.PersistenceConfig">
    </bean>




</beans>